[backblue.gif]
[fade.gif]
[index.html]
[cdn.myportfolio.com/969278db-9035-46f1-9a1a-777202aadc42/7bdae49d-7abc-453b-8c3d-889502f0917e_rwc_0x0x1916x1080x32324a.jpg]
[cdn.myportfolio.com/969278db-9035-46f1-9a1a-777202aadc42/718b3b73-2d73-47cc-9293-67d5029297d3_rwc_0x0x3832x2160x32eb1a.jpg]
[cdn.myportfolio.com/969278db-9035-46f1-9a1a-777202aadc42/9c9603a4-e082-47fe-aea0-2c2e2bf0cc5b_rwc_0x0x1916x1080x32ec2b.jpg]
[cdn.myportfolio.com/969278db-9035-46f1-9a1a-777202aadc42/b654980f-d363-460c-b5b9-57a88bc3f01c_rwc_0x0x1916x1080x32507c.jpg]
[cdn.myportfolio.com/969278db-9035-46f1-9a1a-777202aadc42/77040141-5f24-493f-80b4-f934359c058d_rwc_0x0x1916x1080x322e69.jpg]
[cdn.myportfolio.com/969278db-9035-46f1-9a1a-777202aadc42/018714b7-a7aa-4225-88aa-7c2dfcd13fa6_rwc_0x0x1916x1080x32930e.jpg]
[cdn.myportfolio.com/969278db-9035-46f1-9a1a-777202aadc42/89a539f3-3904-49e2-bdfa-4899f6bc2f0c_rwc_0x0x1916x1080x327a46.jpg]
[cdn.myportfolio.com/969278db-9035-46f1-9a1a-777202aadc42/f670f493-59f2-4210-a56f-4e5c6d44e6fc_rwc_128x75x1660x935x323e86.jpg]
[cdn.myportfolio.com/969278db-9035-46f1-9a1a-777202aadc42/7d20973e-aa48-482f-ad1f-c2c01ed7c08d_rwc_0x0x1916x1080x32a47d.jpg]
[cdn.myportfolio.com/969278db-9035-46f1-9a1a-777202aadc42/643da727-df06-4e01-b45b-9dd76b3b935e_rwc_0x0x1916x1080x32275e.jpg]
[eviel.nl/site/translations9c0e]
[eviel.nl/dist/js/main9c0e.js]
[eviel.nl/index.html]
[eviel.nl/dist/css/main.css]
[cdn.myportfolio.com/969278db-9035-46f1-9a1a-777202aadc42/2da377a990756d0f648584b027186e2117053276578bbd.css]
[eviel.nl/work.html]
[cdn.myportfolio.com/969278db-9035-46f1-9a1a-777202aadc42/a41806b4-2ea9-46ff-b73a-db0b5d5a1220379d.jpg]
[cdn.myportfolio.com/969278db-9035-46f1-9a1a-777202aadc42/a41806b4-2ea9-46ff-b73a-db0b5d5a1220_rw_120010ca.jpg]
[cdn.myportfolio.com/969278db-9035-46f1-9a1a-777202aadc42/b3eb593d-cf2a-4936-b7b0-cb5c645d12da9ecd.jpg]
[cdn.myportfolio.com/969278db-9035-46f1-9a1a-777202aadc42/b3eb593d-cf2a-4936-b7b0-cb5c645d12da_rw_12003e28.jpg]
[cdn.myportfolio.com/969278db-9035-46f1-9a1a-777202aadc42/e1f213af-e0e8-4ebb-90a8-c5f25f48c4eda8e0.png]
[cdn.myportfolio.com/969278db-9035-46f1-9a1a-777202aadc42/e1f213af-e0e8-4ebb-90a8-c5f25f48c4ed_rw_1920028a.png]
[eviel.nl/about.html]
[cdn.myportfolio.com/969278db-9035-46f1-9a1a-777202aadc42/1897c01b-a157-42ec-bf69-404a25c5ed1c8347.gif]
[cdn.myportfolio.com/969278db-9035-46f1-9a1a-777202aadc42/1897c01b-a157-42ec-bf69-404a25c5ed1c_rw_19201a33.gif]
[cdn.myportfolio.com/969278db-9035-46f1-9a1a-777202aadc42/0fef8c65-73c5-4dba-af35-727d1afb66333303.jpg]
[cdn.myportfolio.com/969278db-9035-46f1-9a1a-777202aadc42/0fef8c65-73c5-4dba-af35-727d1afb6633_rw_192095e4.jpg]
[eviel.nl/lab.html]
[eviel.nl/contact.html]
[cdn.myportfolio.com/969278db-9035-46f1-9a1a-777202aadc42/7d20973e-aa48-482f-ad1f-c2c01ed7c08d_rwc_0x0x1916x1080x1916ab24.jpg]
[cdn.myportfolio.com/969278db-9035-46f1-9a1a-777202aadc42/89a539f3-3904-49e2-bdfa-4899f6bc2f0c_rwc_0x0x1916x1080x19169c65.jpg]
[cdn.myportfolio.com/969278db-9035-46f1-9a1a-777202aadc42/643da727-df06-4e01-b45b-9dd76b3b935e_rwc_0x0x1916x1080x1916be52.jpg]
[cdn.myportfolio.com/969278db-9035-46f1-9a1a-777202aadc42/018714b7-a7aa-4225-88aa-7c2dfcd13fa6_rwc_0x0x1916x1080x1916bdc6.jpg]
[cdn.myportfolio.com/969278db-9035-46f1-9a1a-777202aadc42/77040141-5f24-493f-80b4-f934359c058d_rwc_0x0x1916x1080x1916f06b.jpg]
[cdn.myportfolio.com/969278db-9035-46f1-9a1a-777202aadc42/f670f493-59f2-4210-a56f-4e5c6d44e6fc_rwc_128x75x1660x935x1660dc9a.jpg]
[cdn.myportfolio.com/969278db-9035-46f1-9a1a-777202aadc42/9c9603a4-e082-47fe-aea0-2c2e2bf0cc5b_rwc_0x0x1916x1080x19169f58.jpg]
[cdn.myportfolio.com/969278db-9035-46f1-9a1a-777202aadc42/b654980f-d363-460c-b5b9-57a88bc3f01c_rwc_0x0x1916x1080x19166f1b.jpg]
[cdn.myportfolio.com/969278db-9035-46f1-9a1a-777202aadc42/718b3b73-2d73-47cc-9293-67d5029297d3_rwc_0x0x3832x2160x38327742.jpg]
[eviel.nl/showreel.html]
[cdn.myportfolio.com/969278db-9035-46f1-9a1a-777202aadc42/d1019859-5d78-4eb4-aaf0-1aee0de5755c0de1.jpg]
[cdn.myportfolio.com/969278db-9035-46f1-9a1a-777202aadc42/d1019859-5d78-4eb4-aaf0-1aee0de5755c_rw_19208e79.jpg]
[cdn.myportfolio.com/969278db-9035-46f1-9a1a-777202aadc42/7bdae49d-7abc-453b-8c3d-889502f0917e_rwc_0x0x1916x1080x191601cf.jpg]
[eviel.nl/okra-widget.html]
[cdn.myportfolio.com/969278db-9035-46f1-9a1a-777202aadc42/07c203cb-d081-4136-9d59-fc9b5af5d14d69aa.jpg]
[cdn.myportfolio.com/969278db-9035-46f1-9a1a-777202aadc42/07c203cb-d081-4136-9d59-fc9b5af5d14d_rw_19209621.jpg]
[eviel.nl/empower-data.html]
[cdn.myportfolio.com/969278db-9035-46f1-9a1a-777202aadc42/4a4f3ea3-eb28-4fa9-99aa-5ca10956d4de119d.jpg]
[cdn.myportfolio.com/969278db-9035-46f1-9a1a-777202aadc42/4a4f3ea3-eb28-4fa9-99aa-5ca10956d4de_rw_1920ec97.jpg]
[eviel.nl/fruitprez.html]
[cdn.myportfolio.com/969278db-9035-46f1-9a1a-777202aadc42/01d5b60c-54ee-4a60-a542-4b7a30d094b8b489.jpg]
[cdn.myportfolio.com/969278db-9035-46f1-9a1a-777202aadc42/01d5b60c-54ee-4a60-a542-4b7a30d094b8_rw_19205159.jpg]
[eviel.nl/cn-trst.html]
[cdn.myportfolio.com/969278db-9035-46f1-9a1a-777202aadc42/430077e0-f19c-45cb-a724-3d4fc85b1bb0be3c.jpg]
[cdn.myportfolio.com/969278db-9035-46f1-9a1a-777202aadc42/430077e0-f19c-45cb-a724-3d4fc85b1bb0_rw_19200345.jpg]
[eviel.nl/philips-hue-smart-lights.html]
[cdn.myportfolio.com/969278db-9035-46f1-9a1a-777202aadc42/ff11999a-efc1-42f1-bab4-65c415c4aaf55c4b.jpg]
[cdn.myportfolio.com/969278db-9035-46f1-9a1a-777202aadc42/ff11999a-efc1-42f1-bab4-65c415c4aaf5_rw_1920a5f5.jpg]
[eviel.nl/tmobile-wifi-plus.html]
[cdn.myportfolio.com/969278db-9035-46f1-9a1a-777202aadc42/f092aafa-76b0-44a5-a064-7fb4eae892b93cf8.jpg]
[cdn.myportfolio.com/969278db-9035-46f1-9a1a-777202aadc42/f092aafa-76b0-44a5-a064-7fb4eae892b9_rw_1920b106.jpg]
[eviel.nl/quoratio.html]
[cdn.myportfolio.com/969278db-9035-46f1-9a1a-777202aadc42/b4e89767-dddf-445f-8e2d-f355cadedf71103e.jpg]
[cdn.myportfolio.com/969278db-9035-46f1-9a1a-777202aadc42/b4e89767-dddf-445f-8e2d-f355cadedf71_rw_1920ab18.jpg]
[eviel.nl/sekswerk-goed-geregeld.html]
[cdn.myportfolio.com/969278db-9035-46f1-9a1a-777202aadc42/b69aec8d-0b72-4773-bb39-eac6fa745de78da2.jpg]
[cdn.myportfolio.com/969278db-9035-46f1-9a1a-777202aadc42/b69aec8d-0b72-4773-bb39-eac6fa745de7_rw_19204619.jpg]
[eviel.nl/rpa-nl.html]
[cdn.myportfolio.com/969278db-9035-46f1-9a1a-777202aadc42/989153e8f8912496e2af4a4ed063412217053276570c93.css]
[cdn.myportfolio.com/969278db-9035-46f1-9a1a-777202aadc42/67e03000bf4dd774e6bdf91b3a47423317053276572c38.css]
[cdn.myportfolio.com/969278db-9035-46f1-9a1a-777202aadc42/57832e5f83a7f4749e76fde7496389b81705327657f409.css]
[cdn.myportfolio.com/969278db-9035-46f1-9a1a-777202aadc42/76a6716d0670fb51728e40e036852aad17053276575721.css]
[cdn.myportfolio.com/969278db-9035-46f1-9a1a-777202aadc42/c0ede19e83b0fa73f00d53ec8dfb9a9317053276577cdf.css]
[cdn.myportfolio.com/969278db-9035-46f1-9a1a-777202aadc42/7dc0e69520bdd76f7c1d0f972282e2731705327657da77.css]
[cdn.myportfolio.com/969278db-9035-46f1-9a1a-777202aadc42/c5bf0d3a550ade8bf5c200efceb03d0a170532765752cf.css]
[cdn.myportfolio.com/969278db-9035-46f1-9a1a-777202aadc42/ac55fe07e4bcc17da973bc4ae42c8e1d17053276571a28.css]
[cdn.myportfolio.com/969278db-9035-46f1-9a1a-777202aadc42/d159749ea142e5498e0f4e8aec9d53af1705327657a86d.css]
[cdn.myportfolio.com/969278db-9035-46f1-9a1a-777202aadc42/1a5c06ea62f762d6a34f59652e6b5dc51705327657f348.css]
[cdn.myportfolio.com/969278db-9035-46f1-9a1a-777202aadc42/985ff15a2317bc00565f87ae57c60c1517053276573ad3.css]
[cdn.myportfolio.com/969278db-9035-46f1-9a1a-777202aadc42/1d75aa7927a67ff7500c4241bbfe9785170532765724f7.css]
[cdn.myportfolio.com/969278db-9035-46f1-9a1a-777202aadc42/92f07df3ff999e5046e1c6951d2244ee1705327657b29f.css]
[use.typekit.net/ik/QoQlOXAQz7oc3Bi_q8PONPWd3ffE3tRvP5zOl9v3FVqfelXgfHYEBsJzwD9oFDIDWDJDF2jtFRJk5AZRwQMhjR9Djh9ujcFRwQwXwQJuwcb3jRMUFcJDjcI-pfG0ZWZTZA30dc3CHKolpWgzS1scdhUTdkoRdhXCHKo3ScvkOWZTZWS0dW83da4XZcNC-Av0jhNlOe]
